<?xml version="1.0" encoding="UTF-8"?>
<!-- Generated by org.testng.reporters.JUnitReportReporter -->
<testsuite hostname="DESKTOP-P1NO4D4" failures="0" tests="1" name="IntegrateDatabase" time="7.730" errors="0" timestamp="2024-11-23T16:30:09 IST" skipped="0">
  <testcase classname="IntegrateDatabase" name="ParsingtheData" time="7.730"/>
  <system-out/>
</testsuite> <!-- IntegrateDatabase -->
