<?xml version="1.0" encoding="UTF-8"?>
<!-- Generated by org.testng.reporters.JUnitReportReporter -->
<testsuite hostname="DESKTOP-P1NO4D4" failures="0" tests="1" name="InsertData" time="1.228" errors="0" timestamp="2024-11-23T17:03:16 IST" skipped="0">
  <testcase classname="InsertData" name="Insertion" time="1.228"/>
  <system-out/>
</testsuite> <!-- InsertData -->
