<?xml version="1.0" encoding="UTF-8"?>
<!-- Generated by org.testng.reporters.JUnitReportReporter -->
<testsuite hostname="DESKTOP-P1NO4D4" failures="0" tests="1" name="ValidatingUser" time="1.119" errors="0" timestamp="2024-11-23T16:08:13 IST" skipped="0">
  <testcase classname="ValidatingUser" name="OrderList" time="1.119"/>
  <system-out/>
</testsuite> <!-- ValidatingUser -->
