<?xml version="1.0" encoding="UTF-8"?>
<!-- Generated by org.testng.reporters.JUnitReportReporter -->
<testsuite hostname="DESKTOP-P1NO4D4" failures="0" tests="1" name="UpdateDatabase" time="1.195" errors="0" timestamp="2024-11-23T17:21:53 IST" skipped="0">
  <testcase classname="UpdateDatabase" name="UpdateGender" time="1.195"/>
  <system-out/>
</testsuite> <!-- UpdateDatabase -->
